ARM GAS  /tmp/ccZBLQ0u.s 			page 1


   1              		.cpu cortex-m3
   2              		.eabi_attribute 20, 1
   3              		.eabi_attribute 21, 1
   4              		.eabi_attribute 23, 3
   5              		.eabi_attribute 24, 1
   6              		.eabi_attribute 25, 1
   7              		.eabi_attribute 26, 1
   8              		.eabi_attribute 30, 4
   9              		.eabi_attribute 34, 1
  10              		.eabi_attribute 18, 4
  11              		.file	"ubertooth_clock.c"
  12              		.text
  13              	.Ltext0:
  14              		.cfi_sections	.debug_frame
  15              		.section	.text.clkn_stop,"ax",%progbits
  16              		.align	1
  17              		.global	clkn_stop
  18              		.syntax unified
  19              		.thumb
  20              		.thumb_func
  21              		.fpu softvfp
  23              	clkn_stop:
  24              	.LFB0:
  25              		.file 1 "ubertooth_clock.c"
   1:ubertooth_clock.c **** /*
   2:ubertooth_clock.c ****  * Copyright 2015 Hannes Ellinger
   3:ubertooth_clock.c ****  *
   4:ubertooth_clock.c ****  * This file is part of Project Ubertooth.
   5:ubertooth_clock.c ****  *
   6:ubertooth_clock.c ****  * This program is free software; you can redistribute it and/or modify
   7:ubertooth_clock.c ****  * it under the terms of the GNU General Public License as published by
   8:ubertooth_clock.c ****  * the Free Software Foundation; either version 2, or (at your option)
   9:ubertooth_clock.c ****  * any later version.
  10:ubertooth_clock.c ****  *
  11:ubertooth_clock.c ****  * This program is distributed in the hope that it will be useful,
  12:ubertooth_clock.c ****  * but WITHOUT ANY WARRANTY; without even the implied warranty of
  13:ubertooth_clock.c ****  * MERCHANTABILITY or FITNESS FOR A PARTICULAR PURPOSE.  See the
  14:ubertooth_clock.c ****  * GNU General Public License for more details.
  15:ubertooth_clock.c ****  *
  16:ubertooth_clock.c ****  * You should have received a copy of the GNU General Public License
  17:ubertooth_clock.c ****  * along with this program; see the file COPYING.  If not, write to
  18:ubertooth_clock.c ****  * the Free Software Foundation, Inc., 51 Franklin Street,
  19:ubertooth_clock.c ****  * Boston, MA 02110-1301, USA.
  20:ubertooth_clock.c ****  */
  21:ubertooth_clock.c **** 
  22:ubertooth_clock.c **** #include "ubertooth_clock.h"
  23:ubertooth_clock.c **** #include "ubertooth.h"
  24:ubertooth_clock.c **** 
  25:ubertooth_clock.c **** void clkn_stop()
  26:ubertooth_clock.c **** {
  26              		.loc 1 26 0
  27              		.cfi_startproc
  28              		@ args = 0, pretend = 0, frame = 0
  29              		@ frame_needed = 0, uses_anonymous_args = 0
  30              		@ link register save eliminated.
  27:ubertooth_clock.c **** 	/* stop and reset the timer to zero */
  28:ubertooth_clock.c **** 	T0TCR = TCR_Counter_Reset;
ARM GAS  /tmp/ccZBLQ0u.s 			page 2


  31              		.loc 1 28 0
  32 0000 0222     		movs	r2, #2
  33 0002 0A4B     		ldr	r3, .L2
  34 0004 1A60     		str	r2, [r3]
  29:ubertooth_clock.c **** 
  30:ubertooth_clock.c **** 	clkn = 0;
  35              		.loc 1 30 0
  36 0006 0023     		movs	r3, #0
  37 0008 094A     		ldr	r2, .L2+4
  38 000a 1360     		str	r3, [r2]
  31:ubertooth_clock.c **** 	last_hop = 0;
  39              		.loc 1 31 0
  40 000c 094A     		ldr	r2, .L2+8
  41 000e 1360     		str	r3, [r2]
  32:ubertooth_clock.c **** 
  33:ubertooth_clock.c **** 	clkn_offset = 0;
  42              		.loc 1 33 0
  43 0010 094A     		ldr	r2, .L2+12
  44 0012 1360     		str	r3, [r2]
  34:ubertooth_clock.c **** 	clk100ns_offset = 0;
  45              		.loc 1 34 0
  46 0014 094A     		ldr	r2, .L2+16
  47 0016 1380     		strh	r3, [r2]	@ movhi
  35:ubertooth_clock.c **** 
  36:ubertooth_clock.c **** 	clk_drift_ppm = 0;
  48              		.loc 1 36 0
  49 0018 094A     		ldr	r2, .L2+20
  50 001a 1380     		strh	r3, [r2]	@ movhi
  37:ubertooth_clock.c **** 	clk_drift_correction = 0;
  51              		.loc 1 37 0
  52 001c 094A     		ldr	r2, .L2+24
  53 001e 1380     		strh	r3, [r2]	@ movhi
  38:ubertooth_clock.c **** 
  39:ubertooth_clock.c **** 	clkn_last_drift_fix = 0;
  54              		.loc 1 39 0
  55 0020 094A     		ldr	r2, .L2+28
  56 0022 1360     		str	r3, [r2]
  40:ubertooth_clock.c **** 	clkn_next_drift_fix = 0;
  57              		.loc 1 40 0
  58 0024 094A     		ldr	r2, .L2+32
  59 0026 1360     		str	r3, [r2]
  60 0028 7047     		bx	lr
  61              	.L3:
  62 002a 00BF     		.align	2
  63              	.L2:
  64 002c 04400040 		.word	1073758212
  65 0030 00000000 		.word	clkn
  66 0034 00000000 		.word	last_hop
  67 0038 00000000 		.word	clkn_offset
  68 003c 00000000 		.word	clk100ns_offset
  69 0040 00000000 		.word	clk_drift_ppm
  70 0044 00000000 		.word	clk_drift_correction
  71 0048 00000000 		.word	clkn_last_drift_fix
  72 004c 00000000 		.word	clkn_next_drift_fix
  73              		.cfi_endproc
  74              	.LFE0:
  76              		.section	.text.clkn_start,"ax",%progbits
ARM GAS  /tmp/ccZBLQ0u.s 			page 3


  77              		.align	1
  78              		.global	clkn_start
  79              		.syntax unified
  80              		.thumb
  81              		.thumb_func
  82              		.fpu softvfp
  84              	clkn_start:
  85              	.LFB1:
  41:ubertooth_clock.c **** }
  42:ubertooth_clock.c **** 
  43:ubertooth_clock.c **** void clkn_start()
  44:ubertooth_clock.c **** {
  86              		.loc 1 44 0
  87              		.cfi_startproc
  88              		@ args = 0, pretend = 0, frame = 0
  89              		@ frame_needed = 0, uses_anonymous_args = 0
  90              		@ link register save eliminated.
  45:ubertooth_clock.c **** 	/* start timer */
  46:ubertooth_clock.c **** 	T0TCR = TCR_Counter_Enable;
  91              		.loc 1 46 0
  92 0000 0122     		movs	r2, #1
  93 0002 014B     		ldr	r3, .L5
  94 0004 1A60     		str	r2, [r3]
  95 0006 7047     		bx	lr
  96              	.L6:
  97              		.align	2
  98              	.L5:
  99 0008 04400040 		.word	1073758212
 100              		.cfi_endproc
 101              	.LFE1:
 103              		.section	.text.clkn_init,"ax",%progbits
 104              		.align	1
 105              		.global	clkn_init
 106              		.syntax unified
 107              		.thumb
 108              		.thumb_func
 109              		.fpu softvfp
 111              	clkn_init:
 112              	.LFB2:
  47:ubertooth_clock.c **** }
  48:ubertooth_clock.c **** 
  49:ubertooth_clock.c **** void clkn_init()
  50:ubertooth_clock.c **** {
 113              		.loc 1 50 0
 114              		.cfi_startproc
 115              		@ args = 0, pretend = 0, frame = 0
 116              		@ frame_needed = 0, uses_anonymous_args = 0
 117 0000 08B5     		push	{r3, lr}
 118              		.cfi_def_cfa_offset 8
 119              		.cfi_offset 3, -8
 120              		.cfi_offset 14, -4
  51:ubertooth_clock.c **** 	/*
  52:ubertooth_clock.c **** 	 * Because these are reset defaults, we're assuming TIMER0 is powered on
  53:ubertooth_clock.c **** 	 * and in timer mode.  The TIMER0 peripheral clock should have been set by
  54:ubertooth_clock.c **** 	 * clock_start().
  55:ubertooth_clock.c **** 	 */
  56:ubertooth_clock.c **** 
ARM GAS  /tmp/ccZBLQ0u.s 			page 4


  57:ubertooth_clock.c **** 	clkn_stop();
 121              		.loc 1 57 0
 122 0002 FFF7FEFF 		bl	clkn_stop
 123              	.LVL0:
  58:ubertooth_clock.c **** 
  59:ubertooth_clock.c **** #ifdef TC13BADGE
  60:ubertooth_clock.c **** 	/*
  61:ubertooth_clock.c **** 	 * The peripheral clock has a period of 33.3ns.  3 pclk periods makes one
  62:ubertooth_clock.c **** 	 * CLK100NS period (100 ns).
  63:ubertooth_clock.c **** 	 */
  64:ubertooth_clock.c **** 	T0PR = 2;
  65:ubertooth_clock.c **** #else
  66:ubertooth_clock.c **** 	/*
  67:ubertooth_clock.c **** 	 * The peripheral clock has a period of 20ns.  5 pclk periods
  68:ubertooth_clock.c **** 	 * makes one CLK100NS period (100 ns).
  69:ubertooth_clock.c **** 	 */
  70:ubertooth_clock.c **** 	T0PR = 4;
 124              		.loc 1 70 0
 125 0006 0422     		movs	r2, #4
 126 0008 054B     		ldr	r3, .L8
 127 000a 1A60     		str	r2, [r3]
  71:ubertooth_clock.c **** #endif
  72:ubertooth_clock.c **** 	/* 3125 * 100 ns = 312.5 us, the Bluetooth clock (CLKN). */
  73:ubertooth_clock.c **** 	T0MR0 = 3124;
 128              		.loc 1 73 0
 129 000c 40F63442 		movw	r2, #3124
 130 0010 DA60     		str	r2, [r3, #12]
  74:ubertooth_clock.c **** 	T0MCR = TMCR_MR0R | TMCR_MR0I;
 131              		.loc 1 74 0
 132 0012 0322     		movs	r2, #3
 133 0014 9A60     		str	r2, [r3, #8]
  75:ubertooth_clock.c **** 	ISER0 = ISER0_ISE_TIMER0;
 134              		.loc 1 75 0
 135 0016 0222     		movs	r2, #2
 136 0018 024B     		ldr	r3, .L8+4
 137 001a 1A60     		str	r2, [r3]
 138 001c 08BD     		pop	{r3, pc}
 139              	.L9:
 140 001e 00BF     		.align	2
 141              	.L8:
 142 0020 0C400040 		.word	1073758220
 143 0024 00E100E0 		.word	-536813312
 144              		.cfi_endproc
 145              	.LFE2:
 147              		.section	.text.clkn_disable,"ax",%progbits
 148              		.align	1
 149              		.global	clkn_disable
 150              		.syntax unified
 151              		.thumb
 152              		.thumb_func
 153              		.fpu softvfp
 155              	clkn_disable:
 156              	.LFB3:
  76:ubertooth_clock.c **** }
  77:ubertooth_clock.c **** 
  78:ubertooth_clock.c **** // totally disable clkn and timer0
  79:ubertooth_clock.c **** void clkn_disable(void) {
ARM GAS  /tmp/ccZBLQ0u.s 			page 5


 157              		.loc 1 79 0
 158              		.cfi_startproc
 159              		@ args = 0, pretend = 0, frame = 0
 160              		@ frame_needed = 0, uses_anonymous_args = 0
 161 0000 08B5     		push	{r3, lr}
 162              		.cfi_def_cfa_offset 8
 163              		.cfi_offset 3, -8
 164              		.cfi_offset 14, -4
  80:ubertooth_clock.c **** 	clkn_stop();
 165              		.loc 1 80 0
 166 0002 FFF7FEFF 		bl	clkn_stop
 167              	.LVL1:
  81:ubertooth_clock.c **** 	ICER0 = ICER0_ICE_TIMER0;
 168              		.loc 1 81 0
 169 0006 0222     		movs	r2, #2
 170 0008 014B     		ldr	r3, .L11
 171 000a 1A60     		str	r2, [r3]
 172 000c 08BD     		pop	{r3, pc}
 173              	.L12:
 174 000e 00BF     		.align	2
 175              	.L11:
 176 0010 80E100E0 		.word	-536813184
 177              		.cfi_endproc
 178              	.LFE3:
 180              		.comm	clkn_next_drift_fix,4,4
 181              		.comm	clkn_last_drift_fix,4,4
 182              		.comm	clk_drift_correction,2,2
 183              		.comm	clk_drift_ppm,2,2
 184              		.comm	clk100ns_offset,2,2
 185              		.comm	clkn_offset,4,4
 186              		.comm	last_hop,4,4
 187              		.comm	clkn,4,4
 188              		.text
 189              	.Letext0:
 190              		.file 2 "/usr/lib/gcc/arm-none-eabi/6.3.1/include/stdint-gcc.h"
 191              		.file 3 "ubertooth_clock.h"
 192              		.file 4 "../common/ubertooth.h"
ARM GAS  /tmp/ccZBLQ0u.s 			page 6


DEFINED SYMBOLS
                            *ABS*:0000000000000000 ubertooth_clock.c
     /tmp/ccZBLQ0u.s:16     .text.clkn_stop:0000000000000000 $t
     /tmp/ccZBLQ0u.s:23     .text.clkn_stop:0000000000000000 clkn_stop
     /tmp/ccZBLQ0u.s:64     .text.clkn_stop:000000000000002c $d
                            *COM*:0000000000000004 clkn
                            *COM*:0000000000000004 last_hop
                            *COM*:0000000000000004 clkn_offset
                            *COM*:0000000000000002 clk100ns_offset
                            *COM*:0000000000000002 clk_drift_ppm
                            *COM*:0000000000000002 clk_drift_correction
                            *COM*:0000000000000004 clkn_last_drift_fix
                            *COM*:0000000000000004 clkn_next_drift_fix
     /tmp/ccZBLQ0u.s:77     .text.clkn_start:0000000000000000 $t
     /tmp/ccZBLQ0u.s:84     .text.clkn_start:0000000000000000 clkn_start
     /tmp/ccZBLQ0u.s:99     .text.clkn_start:0000000000000008 $d
     /tmp/ccZBLQ0u.s:104    .text.clkn_init:0000000000000000 $t
     /tmp/ccZBLQ0u.s:111    .text.clkn_init:0000000000000000 clkn_init
     /tmp/ccZBLQ0u.s:142    .text.clkn_init:0000000000000020 $d
     /tmp/ccZBLQ0u.s:148    .text.clkn_disable:0000000000000000 $t
     /tmp/ccZBLQ0u.s:155    .text.clkn_disable:0000000000000000 clkn_disable
     /tmp/ccZBLQ0u.s:176    .text.clkn_disable:0000000000000010 $d
                     .debug_frame:0000000000000010 $d

NO UNDEFINED SYMBOLS
